<?xml version="1.0" encoding="UTF-8"?>
<!-- Generated by org.testng.reporters.JUnitXMLReporter -->
<testsuite hostname="DESKTOP-Q3CJFLA" name="Android_LandingPage" tests="4" failures="2" timestamp="29 Jul 2020 14:24:53 GMT" time="9.357" errors="0">
  <testcase name="@BeforeTest AppLaunch" time="0.0" classname="com.zee5.ApplicasterScripts.Android_LandingPage">
    <skipped/>
  </testcase> <!-- @BeforeTest AppLaunch -->
  <testcase name="@AfterTest tearDownApp" time="0.0" classname="com.zee5.ApplicasterScripts.Android_LandingPage">
    <skipped/>
  </testcase> <!-- @AfterTest tearDownApp -->
  <testcase name="Login" time="0.007" classname="com.zee5.ApplicasterScripts.Android_LandingPage">
    <skipped/>
  </testcase> <!-- Login -->
  <testcase name="Login" time="0.012" classname="com.zee5.ApplicasterScripts.Android_LandingPage">
    <failure type="java.lang.IllegalArgumentException" message="nodeName cannot be null or empty">
      <![CDATA[java.lang.IllegalArgumentException: nodeName cannot be null or empty
	at com.aventstack.extentreports.ExtentTest.createNode(ExtentTest.java:166)
	at com.aventstack.extentreports.ExtentTest.createNode(ExtentTest.java:274)
	at com.extent.ExtentReporter.HeaderChildNode(ExtentReporter.java:161)
	at com.extent.ExtentReporter.onTestSkipped(ExtentReporter.java:154)
... Removed 21 stack frames]]>
    </failure>
  </testcase> <!-- Login -->
  <testcase name="landingScreen" time="0.002" classname="com.zee5.ApplicasterScripts.Android_LandingPage">
    <skipped/>
  </testcase> <!-- landingScreen -->
  <testcase name="landingScreen" time="0.004" classname="com.zee5.ApplicasterScripts.Android_LandingPage">
    <failure type="java.lang.IllegalArgumentException" message="nodeName cannot be null or empty">
      <![CDATA[java.lang.IllegalArgumentException: nodeName cannot be null or empty
	at com.aventstack.extentreports.ExtentTest.createNode(ExtentTest.java:166)
	at com.aventstack.extentreports.ExtentTest.createNode(ExtentTest.java:274)
	at com.extent.ExtentReporter.HeaderChildNode(ExtentReporter.java:161)
	at com.extent.ExtentReporter.onTestSkipped(ExtentReporter.java:154)
... Removed 21 stack frames]]>
    </failure>
  </testcase> <!-- landingScreen -->
</testsuite> <!-- Android_LandingPage -->
