<?xml version="1.0" encoding="UTF-8"?>
<!-- Generated by org.testng.reporters.JUnitXMLReporter -->
<testsuite hostname="DESKTOP-Q3CJFLA" name="Android_LandingScreen_TopNavigation" tests="9" failures="1" timestamp="20 Aug 2020 10:04:40 GMT" time="1545.329" errors="0">
  <testcase name="Login" time="61.42" classname="com.zee5.ApplicasterScripts.Android_LandingScreen_TopNavigation"/>
  <testcase name="Home_LandingScreen" time="200.614" classname="com.zee5.ApplicasterScripts.Android_LandingScreen_TopNavigation">
    <failure type="java.lang.NullPointerException">
      <![CDATA[java.lang.NullPointerException
	at com.business.zee.Zee5ApplicasterBusinessLogic.findingTrayInscreen(Zee5ApplicasterBusinessLogic.java:3980)
	at com.business.zee.Zee5ApplicasterBusinessLogic.homeLandingScreen(Zee5ApplicasterBusinessLogic.java:3616)
	at com.zee5.ApplicasterScripts.Android_LandingScreen_TopNavigation.Home_LandingScreen(Android_LandingScreen_TopNavigation.java:34)
... Removed 24 stack frames]]>
    </failure>
  </testcase> <!-- Home_LandingScreen -->
  <testcase name="Movies_LandingScreen" time="282.228" classname="com.zee5.ApplicasterScripts.Android_LandingScreen_TopNavigation"/>
  <testcase name="Premium_LandingScreen" time="143.732" classname="com.zee5.ApplicasterScripts.Android_LandingScreen_TopNavigation"/>
  <testcase name="Kids_LandingScreen" time="383.544" classname="com.zee5.ApplicasterScripts.Android_LandingScreen_TopNavigation"/>
  <testcase name="Music_LandingScreen" time="110.965" classname="com.zee5.ApplicasterScripts.Android_LandingScreen_TopNavigation"/>
  <testcase name="LiveTV_landingScreen" time="70.389" classname="com.zee5.ApplicasterScripts.Android_LandingScreen_TopNavigation"/>
  <testcase name="ChannelGuide_LandingScreen" time="11.701" classname="com.zee5.ApplicasterScripts.Android_LandingScreen_TopNavigation"/>
  <testcase name="Zee5Originals_LandingScreen" time="118.163" classname="com.zee5.ApplicasterScripts.Android_LandingScreen_TopNavigation"/>
</testsuite> <!-- Android_LandingScreen_TopNavigation -->
