<?xml version="1.0" encoding="UTF-8"?>
<!-- Generated by org.testng.reporters.JUnitXMLReporter -->
<testsuite hostname="LAPTOP-NRJMSC7T" name="Default test" tests="3" failures="0" timestamp="1 Jun 2020 11:04:52 GMT" time="0.766" errors="0">
  <testcase name="@BeforeTest init" time="0.0" classname="com.zee5.PWASanityScripts.AndroidPWASanityScript">
    <failure type="java.lang.NullPointerException">
      <![CDATA[java.lang.NullPointerException
	at com.Validate.CheckMode.check(CheckMode.java:19)
	at com.driverInstance.DriverInstance.<init>(DriverInstance.java:119)
	at com.driverInstance.CommandBase.<init>(CommandBase.java:48)
	at com.business.zee.Zee5PWASanityAndroidBusinessLogic.<init>(Zee5PWASanityAndroidBusinessLogic.java:46)
	at com.zee5.PWASanityScripts.AndroidPWASanityScript.init(AndroidPWASanityScript.java:15)
	at sun.reflect.NativeMethodAccessorImpl.invoke0(Native Method)
	at sun.reflect.NativeMethodAccessorImpl.invoke(NativeMethodAccessorImpl.java:62)
	at sun.reflect.DelegatingMethodAccessorImpl.invoke(DelegatingMethodAccessorImpl.java:43)
	at java.lang.reflect.Method.invoke(Method.java:498)
	at org.testng.internal.MethodInvocationHelper.invokeMethod(MethodInvocationHelper.java:86)
	at org.testng.internal.Invoker.invokeConfigurationMethod(Invoker.java:514)
	at org.testng.internal.Invoker.invokeConfigurations(Invoker.java:215)
	at org.testng.internal.Invoker.invokeConfigurations(Invoker.java:142)
	at org.testng.TestRunner.beforeRun(TestRunner.java:656)
	at org.testng.TestRunner.run(TestRunner.java:624)
	at org.testng.SuiteRunner.runTest(SuiteRunner.java:366)
	at org.testng.SuiteRunner.runSequentially(SuiteRunner.java:361)
	at org.testng.SuiteRunner.privateRun(SuiteRunner.java:319)
	at org.testng.SuiteRunner.run(SuiteRunner.java:268)
	at org.testng.SuiteRunnerWorker.runSuite(SuiteRunnerWorker.java:52)
	at org.testng.SuiteRunnerWorker.run(SuiteRunnerWorker.java:86)
	at org.testng.TestNG.runSuitesSequentially(TestNG.java:1244)
	at org.testng.TestNG.runSuitesLocally(TestNG.java:1169)
	at org.testng.TestNG.run(TestNG.java:1064)
	at org.testng.remote.AbstractRemoteTestNG.run(AbstractRemoteTestNG.java:115)
	at org.testng.remote.RemoteTestNG.initAndRun(RemoteTestNG.java:251)
	at org.testng.remote.RemoteTestNG.main(RemoteTestNG.java:77)
]]>
    </failure>
  </testcase> <!-- @BeforeTest init -->
  <testcase name="@AfterClass tearDown" time="0.0" classname="com.zee5.PWASanityScripts.AndroidPWASanityScript">
    <skipped/>
  </testcase> <!-- @AfterClass tearDown -->
  <testcase name="Login" time="0.0" classname="com.zee5.PWASanityScripts.AndroidPWASanityScript">
    <skipped/>
  </testcase> <!-- Login -->
  <testcase name="UserActions" time="0.0" classname="com.zee5.PWASanityScripts.AndroidPWASanityScript">
    <skipped/>
  </testcase> <!-- UserActions -->
  <testcase name="ZeeOriginals" time="0.0" classname="com.zee5.PWASanityScripts.AndroidPWASanityScript">
    <skipped/>
  </testcase> <!-- ZeeOriginals -->
</testsuite> <!-- Default test -->
