<?xml version="1.0" encoding="UTF-8"?>
<!-- Generated by org.testng.reporters.JUnitXMLReporter -->
<testsuite hostname="IGS" name="Test" tests="12" failures="0" timestamp="16 Jul 2020 11:16:10 GMT" time="0.284" errors="0">
  <testcase name="@BeforeTest init" time="0.0" classname="com.zee5.PWASanityScripts.WebPWASanityScript">
    <failure type="java.lang.NullPointerException">
      <![CDATA[java.lang.NullPointerException
	at com.Validate.CheckMode.check(CheckMode.java:19)
	at com.driverInstance.DriverInstance.<init>(DriverInstance.java:119)
	at com.driverInstance.CommandBase.<init>(CommandBase.java:48)
	at com.business.zee.Zee5PWASanityWEBBusinessLogic.<init>(Zee5PWASanityWEBBusinessLogic.java:75)
	at com.zee5.PWASanityScripts.WebPWASanityScript.init(WebPWASanityScript.java:18)
... Removed 22 stack frames]]>
    </failure>
  </testcase> <!-- @BeforeTest init -->
  <testcase name="@AfterClass tearDown" time="0.0" classname="com.zee5.PWASanityScripts.WebPWASanityScript">
    <skipped/>
  </testcase> <!-- @AfterClass tearDown -->
  <testcase name="PWAWEBLogin" time="0.0" classname="com.zee5.PWASanityScripts.WebPWASanityScript">
    <skipped/>
  </testcase> <!-- PWAWEBLogin -->
  <testcase name="PWATimedAnchors" time="0.0" classname="com.zee5.PWASanityScripts.WebPWASanityScript">
    <skipped/>
  </testcase> <!-- PWATimedAnchors -->
  <testcase name="PWARegistrationPopUp" time="0.0" classname="com.zee5.PWASanityScripts.WebPWASanityScript">
    <skipped/>
  </testcase> <!-- PWARegistrationPopUp -->
  <testcase name="PWAProfile" time="0.0" classname="com.zee5.PWASanityScripts.WebPWASanityScript">
    <skipped/>
  </testcase> <!-- PWAProfile -->
  <testcase name="PWAMenuOrSetting" time="0.0" classname="com.zee5.PWASanityScripts.WebPWASanityScript">
    <skipped/>
  </testcase> <!-- PWAMenuOrSetting -->
  <testcase name="Onboarding" time="0.0" classname="com.zee5.PWASanityScripts.WebPWASanityScript">
    <skipped/>
  </testcase> <!-- Onboarding -->
  <testcase name="PWAlanguageSettingsValidation" time="0.0" classname="com.zee5.PWASanityScripts.WebPWASanityScript">
    <skipped/>
  </testcase> <!-- PWAlanguageSettingsValidation -->
  <testcase name="Search" time="0.0" classname="com.zee5.PWASanityScripts.WebPWASanityScript">
    <skipped/>
  </testcase> <!-- Search -->
  <testcase name="Zee5Originals" time="0.0" classname="com.zee5.PWASanityScripts.WebPWASanityScript">
    <skipped/>
  </testcase> <!-- Zee5Originals -->
  <testcase name="ExternalLinks" time="0.0" classname="com.zee5.PWASanityScripts.WebPWASanityScript">
    <skipped/>
  </testcase> <!-- ExternalLinks -->
  <testcase name="staticPagesInMenuAndFooterSectionValidation" time="0.0" classname="com.zee5.PWASanityScripts.WebPWASanityScript">
    <skipped/>
  </testcase> <!-- staticPagesInMenuAndFooterSectionValidation -->
  <testcase name="newsPageValidation" time="0.0" classname="com.zee5.PWASanityScripts.WebPWASanityScript">
    <skipped/>
  </testcase> <!-- newsPageValidation -->
</testsuite> <!-- Test -->
