<?xml version="1.0" encoding="UTF-8"?>
<!-- Generated by org.testng.reporters.JUnitXMLReporter -->
<testsuite hostname="DESKTOP-Q3CJFLA" name="AndroidPWASanityScript" tests="2" failures="1" timestamp="14 Aug 2020 10:54:30 GMT" time="133.638" errors="0">
  <testcase name="@BeforeTest init" time="0.0" classname="com.zee5.PWASanityScripts.AndroidPWASanityScript">
    <failure type="java.lang.NullPointerException">
      <![CDATA[java.lang.NullPointerException
	at com.extent.ExtentReporter.extentLogger(ExtentReporter.java:166)
	at com.business.zee.Zee5PWASanityAndroidBusinessLogic.ZeePWALogin(Zee5PWASanityAndroidBusinessLogic.java:556)
	at com.zee5.PWASanityScripts.AndroidPWASanityScript.init(AndroidPWASanityScript.java:17)
... Removed 22 stack frames]]>
    </failure>
  </testcase> <!-- @BeforeTest init -->
  <testcase name="Login" time="0.027" classname="com.zee5.PWASanityScripts.AndroidPWASanityScript">
    <skipped/>
  </testcase> <!-- Login -->
  <testcase name="Login" time="0.035" classname="com.zee5.PWASanityScripts.AndroidPWASanityScript">
    <failure type="java.lang.IllegalArgumentException" message="nodeName cannot be null or empty">
      <![CDATA[java.lang.IllegalArgumentException: nodeName cannot be null or empty
	at com.aventstack.extentreports.ExtentTest.createNode(ExtentTest.java:166)
	at com.aventstack.extentreports.ExtentTest.createNode(ExtentTest.java:274)
	at com.extent.ExtentReporter.HeaderChildNode(ExtentReporter.java:162)
	at com.extent.ExtentReporter.onTestSkipped(ExtentReporter.java:154)
... Removed 21 stack frames]]>
    </failure>
  </testcase> <!-- Login -->
</testsuite> <!-- AndroidPWASanityScript -->
